Analysis & Synthesis report for Team4_Project
Wed Mar 09 16:33:40 2016
Quartus II 32-bit Version 11.1 Build 173 11/01/2011 SJ Web Edition


---------------------
; Table of Contents ;
---------------------
  1. Legal Notice
  2. Analysis & Synthesis Summary
  3. Analysis & Synthesis Settings
  4. Parallel Compilation
  5. Analysis & Synthesis Source Files Read
  6. Analysis & Synthesis Resource Usage Summary
  7. Analysis & Synthesis Resource Utilization by Entity
  8. Analysis & Synthesis IP Cores Summary
  9. General Register Statistics
 10. Multiplexer Restructuring Statistics (Restructuring Performed)
 11. Parameter Settings for User Entity Instance: lpm_constant0:inst1|lpm_constant:LPM_CONSTANT_component
 12. Elapsed Time Per Partition
 13. Analysis & Synthesis Messages



----------------
; Legal Notice ;
----------------
Copyright (C) 1991-2011 Altera Corporation
Your use of Altera Corporation's design tools, logic functions 
and other software and tools, and its AMPP partner logic 
functions, and any output files from any of the foregoing 
(including device programming or simulation files), and any 
associated documentation or information are expressly subject 
to the terms and conditions of the Altera Program License 
Subscription Agreement, Altera MegaCore Function License 
Agreement, or other applicable license agreement, including, 
without limitation, that your use is for the sole purpose of 
programming logic devices manufactured by Altera and sold by 
Altera or its authorized distributors.  Please refer to the 
applicable agreement for further details.



+-------------------------------------------------------------------------------+
; Analysis & Synthesis Summary                                                  ;
+------------------------------------+------------------------------------------+
; Analysis & Synthesis Status        ; Successful - Wed Mar 09 16:33:39 2016    ;
; Quartus II 32-bit Version          ; 11.1 Build 173 11/01/2011 SJ Web Edition ;
; Revision Name                      ; Team4_Project                            ;
; Top-level Entity Name              ; SixteenBySixteenRegister                 ;
; Family                             ; Cyclone II                               ;
; Total logic elements               ; 583                                      ;
;     Total combinational functions  ; 343                                      ;
;     Dedicated logic registers      ; 240                                      ;
; Total registers                    ; 240                                      ;
; Total pins                         ; 63                                       ;
; Total virtual pins                 ; 0                                        ;
; Total memory bits                  ; 0                                        ;
; Embedded Multiplier 9-bit elements ; 0                                        ;
; Total PLLs                         ; 0                                        ;
+------------------------------------+------------------------------------------+


+----------------------------------------------------------------------------------------------------------------------------+
; Analysis & Synthesis Settings                                                                                              ;
+----------------------------------------------------------------------------+--------------------------+--------------------+
; Option                                                                     ; Setting                  ; Default Value      ;
+----------------------------------------------------------------------------+--------------------------+--------------------+
; Top-level entity name                                                      ; SixteenBySixteenRegister ; Team4_Project      ;
; Family name                                                                ; Cyclone II               ; Cyclone IV GX      ;
; Use smart compilation                                                      ; Off                      ; Off                ;
; Enable parallel Assembler and TimeQuest Timing Analyzer during compilation ; On                       ; On                 ;
; Enable compact report table                                                ; Off                      ; Off                ;
; Restructure Multiplexers                                                   ; Auto                     ; Auto               ;
; Create Debugging Nodes for IP Cores                                        ; Off                      ; Off                ;
; Preserve fewer node names                                                  ; On                       ; On                 ;
; Disable OpenCore Plus hardware evaluation                                  ; Off                      ; Off                ;
; Verilog Version                                                            ; Verilog_2001             ; Verilog_2001       ;
; VHDL Version                                                               ; VHDL_1993                ; VHDL_1993          ;
; State Machine Processing                                                   ; Auto                     ; Auto               ;
; Safe State Machine                                                         ; Off                      ; Off                ;
; Extract Verilog State Machines                                             ; On                       ; On                 ;
; Extract VHDL State Machines                                                ; On                       ; On                 ;
; Ignore Verilog initial constructs                                          ; Off                      ; Off                ;
; Iteration limit for constant Verilog loops                                 ; 5000                     ; 5000               ;
; Iteration limit for non-constant Verilog loops                             ; 250                      ; 250                ;
; Add Pass-Through Logic to Inferred RAMs                                    ; On                       ; On                 ;
; Infer RAMs from Raw Logic                                                  ; On                       ; On                 ;
; Parallel Synthesis                                                         ; On                       ; On                 ;
; DSP Block Balancing                                                        ; Auto                     ; Auto               ;
; NOT Gate Push-Back                                                         ; On                       ; On                 ;
; Power-Up Don't Care                                                        ; On                       ; On                 ;
; Remove Redundant Logic Cells                                               ; Off                      ; Off                ;
; Remove Duplicate Registers                                                 ; On                       ; On                 ;
; Ignore CARRY Buffers                                                       ; Off                      ; Off                ;
; Ignore CASCADE Buffers                                                     ; Off                      ; Off                ;
; Ignore GLOBAL Buffers                                                      ; Off                      ; Off                ;
; Ignore ROW GLOBAL Buffers                                                  ; Off                      ; Off                ;
; Ignore LCELL Buffers                                                       ; Off                      ; Off                ;
; Ignore SOFT Buffers                                                        ; On                       ; On                 ;
; Limit AHDL Integers to 32 Bits                                             ; Off                      ; Off                ;
; Optimization Technique                                                     ; Balanced                 ; Balanced           ;
; Carry Chain Length                                                         ; 70                       ; 70                 ;
; Auto Carry Chains                                                          ; On                       ; On                 ;
; Auto Open-Drain Pins                                                       ; On                       ; On                 ;
; Perform WYSIWYG Primitive Resynthesis                                      ; Off                      ; Off                ;
; Auto ROM Replacement                                                       ; On                       ; On                 ;
; Auto RAM Replacement                                                       ; On                       ; On                 ;
; Auto Shift Register Replacement                                            ; Auto                     ; Auto               ;
; Allow Shift Register Merging across Hierarchies                            ; Auto                     ; Auto               ;
; Auto Clock Enable Replacement                                              ; On                       ; On                 ;
; Strict RAM Replacement                                                     ; Off                      ; Off                ;
; Allow Synchronous Control Signals                                          ; On                       ; On                 ;
; Force Use of Synchronous Clear Signals                                     ; Off                      ; Off                ;
; Auto RAM to Logic Cell Conversion                                          ; Off                      ; Off                ;
; Auto Resource Sharing                                                      ; Off                      ; Off                ;
; Allow Any RAM Size For Recognition                                         ; Off                      ; Off                ;
; Allow Any ROM Size For Recognition                                         ; Off                      ; Off                ;
; Allow Any Shift Register Size For Recognition                              ; Off                      ; Off                ;
; Use LogicLock Constraints during Resource Balancing                        ; On                       ; On                 ;
; Ignore translate_off and synthesis_off directives                          ; Off                      ; Off                ;
; Timing-Driven Synthesis                                                    ; Off                      ; Off                ;
; Report Parameter Settings                                                  ; On                       ; On                 ;
; Report Source Assignments                                                  ; On                       ; On                 ;
; Report Connectivity Checks                                                 ; On                       ; On                 ;
; Ignore Maximum Fan-Out Assignments                                         ; Off                      ; Off                ;
; Synchronization Register Chain Length                                      ; 2                        ; 2                  ;
; PowerPlay Power Optimization                                               ; Normal compilation       ; Normal compilation ;
; HDL message level                                                          ; Level2                   ; Level2             ;
; Suppress Register Optimization Related Messages                            ; Off                      ; Off                ;
; Number of Removed Registers Reported in Synthesis Report                   ; 5000                     ; 5000               ;
; Number of Inverted Registers Reported in Synthesis Report                  ; 100                      ; 100                ;
; Clock MUX Protection                                                       ; On                       ; On                 ;
; Auto Gated Clock Conversion                                                ; Off                      ; Off                ;
; Block Design Naming                                                        ; Auto                     ; Auto               ;
; SDC constraint protection                                                  ; Off                      ; Off                ;
; Synthesis Effort                                                           ; Auto                     ; Auto               ;
; Shift Register Replacement - Allow Asynchronous Clear Signal               ; On                       ; On                 ;
; Analysis & Synthesis Message Level                                         ; Medium                   ; Medium             ;
; Disable Register Merging Across Hierarchies                                ; Auto                     ; Auto               ;
; Resource Aware Inference For Block RAM                                     ; On                       ; On                 ;
; Synthesis Seed                                                             ; 1                        ; 1                  ;
+----------------------------------------------------------------------------+--------------------------+--------------------+


Parallel compilation was disabled, but you have multiple processors available. Enable parallel compilation to reduce compilation time.
+-------------------------------------+
; Parallel Compilation                ;
+----------------------------+--------+
; Processors                 ; Number ;
+----------------------------+--------+
; Number detected on machine ; 4      ;
; Maximum allowed            ; 1      ;
+----------------------------+--------+


+-----------------------------------------------------------------------------------------------------------------------------------------------------------+
; Analysis & Synthesis Source Files Read                                                                                                                    ;
+----------------------------------+-----------------+------------------------------------+-----------------------------------------------------------------+
; File Name with User-Entered Path ; Used in Netlist ; File Type                          ; File Name with Absolute Path                                    ;
+----------------------------------+-----------------+------------------------------------+-----------------------------------------------------------------+
; SixteenBySixteenRegister.bdf     ; yes             ; User Block Diagram/Schematic File  ; Z:/230 labs/Team4Project/SixteenBySixteenRegister.bdf           ;
; reg16.vhd                        ; yes             ; User VHDL File                     ; Z:/230 labs/Team4Project/reg16.vhd                              ;
; mux16.vhd                        ; yes             ; User VHDL File                     ; Z:/230 labs/Team4Project/mux16.vhd                              ;
; decoder16.vhd                    ; yes             ; User VHDL File                     ; Z:/230 labs/Team4Project/decoder16.vhd                          ;
; lpm_constant0.vhd                ; yes             ; Auto-Found Wizard-Generated File   ; Z:/230 labs/Team4Project/lpm_constant0.vhd                      ;
; lpm_constant.tdf                 ; yes             ; Megafunction                       ; c:/altera/11.1/quartus/libraries/megafunctions/lpm_constant.tdf ;
+----------------------------------+-----------------+------------------------------------+-----------------------------------------------------------------+


+-----------------------------------------------------+
; Analysis & Synthesis Resource Usage Summary         ;
+---------------------------------------------+-------+
; Resource                                    ; Usage ;
+---------------------------------------------+-------+
; Estimated Total logic elements              ; 583   ;
;                                             ;       ;
; Total combinational functions               ; 343   ;
; Logic element usage by number of LUT inputs ;       ;
;     -- 4 input functions                    ; 303   ;
;     -- 3 input functions                    ; 36    ;
;     -- <=2 input functions                  ; 4     ;
;                                             ;       ;
; Logic elements by mode                      ;       ;
;     -- normal mode                          ; 343   ;
;     -- arithmetic mode                      ; 0     ;
;                                             ;       ;
; Total registers                             ; 240   ;
;     -- Dedicated logic registers            ; 240   ;
;     -- I/O registers                        ; 0     ;
;                                             ;       ;
; I/O pins                                    ; 63    ;
; Maximum fan-out node                        ; clock ;
; Maximum fan-out                             ; 240   ;
; Total fan-out                               ; 2320  ;
; Average fan-out                             ; 3.59  ;
+---------------------------------------------+-------+


+--------------------------------------------------------------------------------------------------------------------------------------------------------------------------------------------------+
; Analysis & Synthesis Resource Utilization by Entity                                                                                                                                              ;
+----------------------------+-------------------+--------------+-------------+--------------+---------+-----------+------+--------------+------------------------------------------+--------------+
; Compilation Hierarchy Node ; LC Combinationals ; LC Registers ; Memory Bits ; DSP Elements ; DSP 9x9 ; DSP 18x18 ; Pins ; Virtual Pins ; Full Hierarchy Name                      ; Library Name ;
+----------------------------+-------------------+--------------+-------------+--------------+---------+-----------+------+--------------+------------------------------------------+--------------+
; |SixteenBySixteenRegister  ; 343 (0)           ; 240 (0)      ; 0           ; 0            ; 0       ; 0         ; 63   ; 0            ; |SixteenBySixteenRegister                ;              ;
;    |Reg16:inst10|          ; 0 (0)             ; 16 (16)      ; 0           ; 0            ; 0       ; 0         ; 0    ; 0            ; |SixteenBySixteenRegister|Reg16:inst10   ;              ;
;    |Reg16:inst11|          ; 0 (0)             ; 16 (16)      ; 0           ; 0            ; 0       ; 0         ; 0    ; 0            ; |SixteenBySixteenRegister|Reg16:inst11   ;              ;
;    |Reg16:inst12|          ; 0 (0)             ; 16 (16)      ; 0           ; 0            ; 0       ; 0         ; 0    ; 0            ; |SixteenBySixteenRegister|Reg16:inst12   ;              ;
;    |Reg16:inst13|          ; 0 (0)             ; 16 (16)      ; 0           ; 0            ; 0       ; 0         ; 0    ; 0            ; |SixteenBySixteenRegister|Reg16:inst13   ;              ;
;    |Reg16:inst14|          ; 0 (0)             ; 16 (16)      ; 0           ; 0            ; 0       ; 0         ; 0    ; 0            ; |SixteenBySixteenRegister|Reg16:inst14   ;              ;
;    |Reg16:inst15|          ; 0 (0)             ; 16 (16)      ; 0           ; 0            ; 0       ; 0         ; 0    ; 0            ; |SixteenBySixteenRegister|Reg16:inst15   ;              ;
;    |Reg16:inst16|          ; 0 (0)             ; 16 (16)      ; 0           ; 0            ; 0       ; 0         ; 0    ; 0            ; |SixteenBySixteenRegister|Reg16:inst16   ;              ;
;    |Reg16:inst17|          ; 0 (0)             ; 16 (16)      ; 0           ; 0            ; 0       ; 0         ; 0    ; 0            ; |SixteenBySixteenRegister|Reg16:inst17   ;              ;
;    |Reg16:inst18|          ; 0 (0)             ; 16 (16)      ; 0           ; 0            ; 0       ; 0         ; 0    ; 0            ; |SixteenBySixteenRegister|Reg16:inst18   ;              ;
;    |Reg16:inst19|          ; 0 (0)             ; 16 (16)      ; 0           ; 0            ; 0       ; 0         ; 0    ; 0            ; |SixteenBySixteenRegister|Reg16:inst19   ;              ;
;    |Reg16:inst5|           ; 0 (0)             ; 16 (16)      ; 0           ; 0            ; 0       ; 0         ; 0    ; 0            ; |SixteenBySixteenRegister|Reg16:inst5    ;              ;
;    |Reg16:inst6|           ; 0 (0)             ; 16 (16)      ; 0           ; 0            ; 0       ; 0         ; 0    ; 0            ; |SixteenBySixteenRegister|Reg16:inst6    ;              ;
;    |Reg16:inst7|           ; 0 (0)             ; 16 (16)      ; 0           ; 0            ; 0       ; 0         ; 0    ; 0            ; |SixteenBySixteenRegister|Reg16:inst7    ;              ;
;    |Reg16:inst8|           ; 0 (0)             ; 16 (16)      ; 0           ; 0            ; 0       ; 0         ; 0    ; 0            ; |SixteenBySixteenRegister|Reg16:inst8    ;              ;
;    |Reg16:inst9|           ; 0 (0)             ; 16 (16)      ; 0           ; 0            ; 0       ; 0         ; 0    ; 0            ; |SixteenBySixteenRegister|Reg16:inst9    ;              ;
;    |decoder16:inst|        ; 17 (17)           ; 0 (0)        ; 0           ; 0            ; 0       ; 0         ; 0    ; 0            ; |SixteenBySixteenRegister|decoder16:inst ;              ;
;    |mux16:inst2|           ; 163 (163)         ; 0 (0)        ; 0           ; 0            ; 0       ; 0         ; 0    ; 0            ; |SixteenBySixteenRegister|mux16:inst2    ;              ;
;    |mux16:inst3|           ; 163 (163)         ; 0 (0)        ; 0           ; 0            ; 0       ; 0         ; 0    ; 0            ; |SixteenBySixteenRegister|mux16:inst3    ;              ;
+----------------------------+-------------------+--------------+-------------+--------------+---------+-----------+------+--------------+------------------------------------------+--------------+
Note: For table entries with two numbers listed, the numbers in parentheses indicate the number of resources of the given type used by the specific entity alone. The numbers listed outside of parentheses indicate the total resources of the given type used by the specific entity and all of its sub-entities in the hierarchy.


+------------------------------------------------------------------------------------------------------------------------------------------------------------+
; Analysis & Synthesis IP Cores Summary                                                                                                                      ;
+--------+--------------+---------+--------------+--------------+-----------------------------------------------+--------------------------------------------+
; Vendor ; IP Core Name ; Version ; Release Date ; License Type ; Entity Instance                               ; IP Include File                            ;
+--------+--------------+---------+--------------+--------------+-----------------------------------------------+--------------------------------------------+
; Altera ; LPM_CONSTANT ; N/A     ; N/A          ; N/A          ; |SixteenBySixteenRegister|lpm_constant0:inst1 ; Z:/230 labs/Team4Project/lpm_constant0.vhd ;
+--------+--------------+---------+--------------+--------------+-----------------------------------------------+--------------------------------------------+


+------------------------------------------------------+
; General Register Statistics                          ;
+----------------------------------------------+-------+
; Statistic                                    ; Value ;
+----------------------------------------------+-------+
; Total registers                              ; 240   ;
; Number of registers using Synchronous Clear  ; 0     ;
; Number of registers using Synchronous Load   ; 0     ;
; Number of registers using Asynchronous Clear ; 240   ;
; Number of registers using Asynchronous Load  ; 0     ;
; Number of registers using Clock Enable       ; 240   ;
; Number of registers using Preset             ; 0     ;
+----------------------------------------------+-------+


+--------------------------------------------------------------------------------------------------------------------------------------------------------------------------+
; Multiplexer Restructuring Statistics (Restructuring Performed)                                                                                                           ;
+--------------------+-----------+---------------+----------------------+------------------------+--------------------------------------------+----------------------------+
; Multiplexer Inputs ; Bus Width ; Baseline Area ; Area if Restructured ; Saving if Restructured ; Registered                                 ; Example Multiplexer Output ;
+--------------------+-----------+---------------+----------------------+------------------------+--------------------------------------------+----------------------------+
; 16:1               ; 16 bits   ; 160 LEs       ; 160 LEs              ; 0 LEs                  ; |SixteenBySixteenRegister|mux16:inst2|Mux0 ;                            ;
; 16:1               ; 16 bits   ; 160 LEs       ; 160 LEs              ; 0 LEs                  ; |SixteenBySixteenRegister|mux16:inst3|Mux0 ;                            ;
+--------------------+-----------+---------------+----------------------+------------------------+--------------------------------------------+----------------------------+


+------------------------------------------------------------------------------------------------------+
; Parameter Settings for User Entity Instance: lpm_constant0:inst1|lpm_constant:LPM_CONSTANT_component ;
+--------------------+------------------+--------------------------------------------------------------+
; Parameter Name     ; Value            ; Type                                                         ;
+--------------------+------------------+--------------------------------------------------------------+
; LPM_WIDTH          ; 16               ; Signed Integer                                               ;
; LPM_CVALUE         ; 0                ; Signed Integer                                               ;
; ENABLE_RUNTIME_MOD ; NO               ; Untyped                                                      ;
; CBXI_PARAMETER     ; lpm_constant_9k6 ; Untyped                                                      ;
+--------------------+------------------+--------------------------------------------------------------+
Note: In order to hide this table in the UI and the text report file, please set the "Show Parameter Settings in Synthesis Report" option in "Analysis and Synthesis Settings -> More Settings" to "Off".


+-------------------------------+
; Elapsed Time Per Partition    ;
+----------------+--------------+
; Partition Name ; Elapsed Time ;
+----------------+--------------+
; Top            ; 00:00:02     ;
+----------------+--------------+


+-------------------------------+
; Analysis & Synthesis Messages ;
+-------------------------------+
Info: *******************************************************************
Info: Running Quartus II 32-bit Analysis & Synthesis
    Info: Version 11.1 Build 173 11/01/2011 SJ Web Edition
    Info: Processing started: Wed Mar 09 16:33:34 2016
Info: Command: quartus_map --read_settings_files=on --write_settings_files=off Team4_Project -c Team4_Project
Warning (20028): Parallel compilation is not licensed and has been disabled
Info (12021): Found 1 design units, including 1 entities, in source file variouslogic5.bdf
    Info (12023): Found entity 1: variouslogic5
Info (12021): Found 1 design units, including 1 entities, in source file sixteenbysixteenregister.bdf
    Info (12023): Found entity 1: SixteenBySixteenRegister
Info (12021): Found 1 design units, including 1 entities, in source file sixteenbitrealadder.bdf
    Info (12023): Found entity 1: SixteenBitRealAdder
Info (12021): Found 2 design units, including 1 entities, in source file reg16.vhd
    Info (12022): Found design unit 1: Reg16-behavior
    Info (12023): Found entity 1: Reg16
Info (12021): Found 1 design units, including 1 entities, in source file onebitadder.bdf
    Info (12023): Found entity 1: OneBitAdder
Info (12021): Found 2 design units, including 1 entities, in source file mux16.vhd
    Info (12022): Found design unit 1: mux16-behavior
    Info (12023): Found entity 1: mux16
Info (12021): Found 2 design units, including 1 entities, in source file fourtoonesixteenbit.vhd
    Info (12022): Found design unit 1: fourtoonesixteenbit-SYN
    Info (12023): Found entity 1: FourToOneSixteenBit
Info (12021): Found 2 design units, including 1 entities, in source file decoder16.vhd
    Info (12022): Found design unit 1: decoder16-behavior
    Info (12023): Found entity 1: decoder16
Info (12021): Found 1 design units, including 1 entities, in source file alu.bdf
    Info (12023): Found entity 1: ALU
Info (12021): Found 2 design units, including 1 entities, in source file a2to1sixteenbitmultiplexor.vhd
    Info (12022): Found design unit 1: a2to1sixteenbitmultiplexor-SYN
    Info (12023): Found entity 1: a2to1SixteenBitMultiplexor
Info (12021): Found 1 design units, including 1 entities, in source file 16bitxor.bdf
    Info (12023): Found entity 1: 16BITXOR
Info (12021): Found 1 design units, including 1 entities, in source file 16bitor.bdf
    Info (12023): Found entity 1: 16bitor
Info (12021): Found 1 design units, including 1 entities, in source file 16bitnot.bdf
    Info (12023): Found entity 1: 16BITnot
Info (12021): Found 1 design units, including 1 entities, in source file 16bitand.bdf
    Info (12023): Found entity 1: 16bitand
Info (12127): Elaborating entity "SixteenBySixteenRegister" for the top level hierarchy
Info (12128): Elaborating entity "mux16" for hierarchy "mux16:inst2"
Warning (12125): Using design file lpm_constant0.vhd, which is not specified as a design file for the current project, but contains definitions for 2 design units and 1 entities in project
    Info (12022): Found design unit 1: lpm_constant0-SYN
    Info (12023): Found entity 1: lpm_constant0
Info (12128): Elaborating entity "lpm_constant0" for hierarchy "lpm_constant0:inst1"
Info (12128): Elaborating entity "lpm_constant" for hierarchy "lpm_constant0:inst1|lpm_constant:LPM_CONSTANT_component"
Info (12130): Elaborated megafunction instantiation "lpm_constant0:inst1|lpm_constant:LPM_CONSTANT_component"
Info (12133): Instantiated megafunction "lpm_constant0:inst1|lpm_constant:LPM_CONSTANT_component" with the following parameter:
    Info (12134): Parameter "lpm_cvalue" = "0"
    Info (12134): Parameter "lpm_hint" = "ENABLE_RUNTIME_MOD=NO"
    Info (12134): Parameter "lpm_type" = "LPM_CONSTANT"
    Info (12134): Parameter "lpm_width" = "16"
Info (12128): Elaborating entity "Reg16" for hierarchy "Reg16:inst5"
Info (12128): Elaborating entity "decoder16" for hierarchy "decoder16:inst"
Info (16010): Generating hard_block partition "hard_block:auto_generated_inst"
Info (21057): Implemented 646 device resources after synthesis - the final resource count might be different
    Info (21058): Implemented 31 input pins
    Info (21059): Implemented 32 output pins
    Info (21061): Implemented 583 logic cells
Info: Quartus II 32-bit Analysis & Synthesis was successful. 0 errors, 2 warnings
    Info: Peak virtual memory: 316 megabytes
    Info: Processing ended: Wed Mar 09 16:33:40 2016
    Info: Elapsed time: 00:00:06
    Info: Total CPU time (on all processors): 00:00:04


