Flow report for Team4_Project
Wed Mar 09 16:33:52 2016
Quartus II 32-bit Version 11.1 Build 173 11/01/2011 SJ Web Edition


---------------------
; Table of Contents ;
---------------------
  1. Legal Notice
  2. Flow Summary
  3. Flow Settings
  4. Flow Non-Default Global Settings
  5. Flow Elapsed Time
  6. Flow OS Summary
  7. Flow Log



----------------
; Legal Notice ;
----------------
Copyright (C) 1991-2011 Altera Corporation
Your use of Altera Corporation's design tools, logic functions 
and other software and tools, and its AMPP partner logic 
functions, and any output files from any of the foregoing 
(including device programming or simulation files), and any 
associated documentation or information are expressly subject 
to the terms and conditions of the Altera Program License 
Subscription Agreement, Altera MegaCore Function License 
Agreement, or other applicable license agreement, including, 
without limitation, that your use is for the sole purpose of 
programming logic devices manufactured by Altera and sold by 
Altera or its authorized distributors.  Please refer to the 
applicable agreement for further details.



+-------------------------------------------------------------------------------+
; Flow Summary                                                                  ;
+------------------------------------+------------------------------------------+
; Flow Status                        ; Successful - Wed Mar 09 16:33:52 2016    ;
; Quartus II 32-bit Version          ; 11.1 Build 173 11/01/2011 SJ Web Edition ;
; Revision Name                      ; Team4_Project                            ;
; Top-level Entity Name              ; SixteenBySixteenRegister                 ;
; Family                             ; Cyclone II                               ;
; Total logic elements               ; 343 / 4,608 ( 7 % )                      ;
;     Total combinational functions  ; 343 / 4,608 ( 7 % )                      ;
;     Dedicated logic registers      ; 240 / 4,608 ( 5 % )                      ;
; Total registers                    ; 240                                      ;
; Total pins                         ; 63 / 158 ( 40 % )                        ;
; Total virtual pins                 ; 0                                        ;
; Total memory bits                  ; 0 / 119,808 ( 0 % )                      ;
; Embedded Multiplier 9-bit elements ; 0 / 26 ( 0 % )                           ;
; Total PLLs                         ; 0 / 2 ( 0 % )                            ;
; Device                             ; EP2C5F256C6                              ;
; Timing Models                      ; Final                                    ;
+------------------------------------+------------------------------------------+


+-----------------------------------------+
; Flow Settings                           ;
+-------------------+---------------------+
; Option            ; Setting             ;
+-------------------+---------------------+
; Start date & time ; 03/09/2016 16:33:35 ;
; Main task         ; Compilation         ;
; Revision Name     ; Team4_Project       ;
+-------------------+---------------------+


+-----------------------------------------------------------------------------------------------------------------------------------+
; Flow Non-Default Global Settings                                                                                                  ;
+-------------------------------------+---------------------------------+---------------+--------------------------+----------------+
; Assignment Name                     ; Value                           ; Default Value ; Entity Name              ; Section Id     ;
+-------------------------------------+---------------------------------+---------------+--------------------------+----------------+
; COMPILER_SIGNATURE_ID               ; 238368711533221.145756281403328 ; --            ; --                       ; --             ;
; EDA_OUTPUT_DATA_FORMAT              ; Vhdl                            ; --            ; --                       ; eda_simulation ;
; EDA_SIMULATION_RUN_SCRIPT           ; SixteenBySixteenRegister.do     ; --            ; --                       ; eda_simulation ;
; EDA_SIMULATION_TOOL                 ; ModelSim-Altera (VHDL)          ; <None>        ; --                       ; --             ;
; EDA_TEST_BENCH_ENABLE_STATUS        ; COMMAND_MACRO_MODE              ; --            ; --                       ; eda_simulation ;
; PARTITION_COLOR                     ; 16764057                        ; --            ; SixteenBySixteenRegister ; Top            ;
; PARTITION_FITTER_PRESERVATION_LEVEL ; PLACEMENT_AND_ROUTING           ; --            ; SixteenBySixteenRegister ; Top            ;
; PARTITION_NETLIST_TYPE              ; SOURCE                          ; --            ; SixteenBySixteenRegister ; Top            ;
; TOP_LEVEL_ENTITY                    ; SixteenBySixteenRegister        ; Team4_Project ; --                       ; --             ;
+-------------------------------------+---------------------------------+---------------+--------------------------+----------------+


+-------------------------------------------------------------------------------------------------------------------------------+
; Flow Elapsed Time                                                                                                             ;
+---------------------------+--------------+-------------------------+---------------------+------------------------------------+
; Module Name               ; Elapsed Time ; Average Processors Used ; Peak Virtual Memory ; Total CPU Time (on all processors) ;
+---------------------------+--------------+-------------------------+---------------------+------------------------------------+
; Analysis & Synthesis      ; 00:00:05     ; 1.0                     ; 316 MB              ; 00:00:04                           ;
; Fitter                    ; 00:00:02     ; 1.0                     ; 324 MB              ; 00:00:02                           ;
; Assembler                 ; 00:00:02     ; 1.0                     ; 265 MB              ; 00:00:01                           ;
; TimeQuest Timing Analyzer ; 00:00:04     ; 1.0                     ; 260 MB              ; 00:00:01                           ;
; EDA Netlist Writer        ; 00:00:01     ; 1.0                     ; 244 MB              ; 00:00:01                           ;
; Total                     ; 00:00:14     ; --                      ; --                  ; 00:00:09                           ;
+---------------------------+--------------+-------------------------+---------------------+------------------------------------+


+----------------------------------------------------------------------------------------+
; Flow OS Summary                                                                        ;
+---------------------------+------------------+-----------+------------+----------------+
; Module Name               ; Machine Hostname ; OS Name   ; OS Version ; Processor type ;
+---------------------------+------------------+-----------+------------+----------------+
; Analysis & Synthesis      ; CSELAB5-085      ; Windows 7 ; 6.1        ; x86_64         ;
; Fitter                    ; CSELAB5-085      ; Windows 7 ; 6.1        ; x86_64         ;
; Assembler                 ; CSELAB5-085      ; Windows 7 ; 6.1        ; x86_64         ;
; TimeQuest Timing Analyzer ; CSELAB5-085      ; Windows 7 ; 6.1        ; x86_64         ;
; EDA Netlist Writer        ; CSELAB5-085      ; Windows 7 ; 6.1        ; x86_64         ;
+---------------------------+------------------+-----------+------------+----------------+


------------
; Flow Log ;
------------
quartus_map --read_settings_files=on --write_settings_files=off Team4_Project -c Team4_Project
quartus_fit --read_settings_files=off --write_settings_files=off Team4_Project -c Team4_Project
quartus_asm --read_settings_files=off --write_settings_files=off Team4_Project -c Team4_Project
quartus_sta Team4_Project -c Team4_Project
quartus_eda --read_settings_files=off --write_settings_files=off Team4_Project -c Team4_Project



